<?xml version="1.0" encoding="UTF-8"?>
<!-- Generated by org.testng.reporters.JUnitXMLReporter -->
<testsuite ignored="0" hostname="DESKTOP-EQ1TCP1" failures="1" tests="27" name="FaceBookPageObjectModel" time="532.714" errors="0" timestamp="2022-03-23T10:55:05 IST">
  <testcase classname="com.bridgelabz.FindFriendsPageTest" name="@BeforeMethod setUp" time="43.747">
    <failure type="org.openqa.selenium.NoSuchElementException" message="no such element: Unable to locate element: {&amp;quot;method&amp;quot;:&amp;quot;xpath&amp;quot;,&amp;quot;selector&amp;quot;:&amp;quot;//span[contains(text(),&amp;apos;Find Friends&amp;apos;)]&amp;quot;}
  (Session info: chrome=99.0.4844.82)
For documentation on this error, please visit: https://selenium.dev/exceptions/#no_such_element
Build info: version: &amp;apos;4.1.1&amp;apos;, revision: &amp;apos;e8fcc2cecf&amp;apos;
System info: host: &amp;apos;DESKTOP-EQ1TCP1&amp;apos;, ip: &amp;apos;192.168.43.196&amp;apos;, os.name: &amp;apos;Windows 10&amp;apos;, os.arch: &amp;apos;amd64&amp;apos;, os.version: &amp;apos;10.0&amp;apos;, java.version: &amp;apos;16.0.1&amp;apos;
Driver info: org.openqa.selenium.chrome.ChromeDriver
Command: [37bb98cd4c0b210ef6d05242c0ba54e7, findElement {using=xpath, value=//span[contains(text(),&amp;apos;Find Friends&amp;apos;)]}]
Capabilities {acceptInsecureCerts: false, browserName: chrome, browserVersion: 99.0.4844.82, chrome: {chromedriverVersion: 99.0.4844.51 (d537ec02474b5..., userDataDir: C:\Users\ADMIN\AppData\Loca...}, goog:chromeOptions: {debuggerAddress: localhost:57775}, javascriptEnabled: true, networkConnectionEnabled: false, pageLoadStrategy: normal, platform: WINDOWS, platformName: WINDOWS, proxy: Proxy(), se:cdp: ws://localhost:57775/devtoo..., se:cdpVersion: 99.0.4844.82, setWindowRect: true, strictFileInteractability: false, timeouts: {implicit: 0, pageLoad: 300000, script: 30000}, unhandledPromptBehavior: dismiss and notify, webauthn:extension:credBlob: true, webauthn:extension:largeBlob: true, webauthn:virtualAuthenticators: true}
Session ID: 37bb98cd4c0b210ef6d05242c0ba54e7">
      <![CDATA[org.openqa.selenium.NoSuchElementException: no such element: Unable to locate element: {"method":"xpath","selector":"//span[contains(text(),'Find Friends')]"}
  (Session info: chrome=99.0.4844.82)
For documentation on this error, please visit: https://selenium.dev/exceptions/#no_such_element
Build info: version: '4.1.1', revision: 'e8fcc2cecf'
System info: host: 'DESKTOP-EQ1TCP1', ip: '192.168.43.196', os.name: 'Windows 10', os.arch: 'amd64', os.version: '10.0', java.version: '16.0.1'
Driver info: org.openqa.selenium.chrome.ChromeDriver
Command: [37bb98cd4c0b210ef6d05242c0ba54e7, findElement {using=xpath, value=//span[contains(text(),'Find Friends')]}]
Capabilities {acceptInsecureCerts: false, browserName: chrome, browserVersion: 99.0.4844.82, chrome: {chromedriverVersion: 99.0.4844.51 (d537ec02474b5..., userDataDir: C:\Users\ADMIN\AppData\Loca...}, goog:chromeOptions: {debuggerAddress: localhost:57775}, javascriptEnabled: true, networkConnectionEnabled: false, pageLoadStrategy: normal, platform: WINDOWS, platformName: WINDOWS, proxy: Proxy(), se:cdp: ws://localhost:57775/devtoo..., se:cdpVersion: 99.0.4844.82, setWindowRect: true, strictFileInteractability: false, timeouts: {implicit: 0, pageLoad: 300000, script: 30000}, unhandledPromptBehavior: dismiss and notify, webauthn:extension:credBlob: true, webauthn:extension:largeBlob: true, webauthn:virtualAuthenticators: true}
Session ID: 37bb98cd4c0b210ef6d05242c0ba54e7
at org.openqa.selenium.remote.codec.w3c.W3CHttpResponseCodec.createException(W3CHttpResponseCodec.java:200)
at org.openqa.selenium.remote.codec.w3c.W3CHttpResponseCodec.decode(W3CHttpResponseCodec.java:133)
at org.openqa.selenium.remote.codec.w3c.W3CHttpResponseCodec.decode(W3CHttpResponseCodec.java:53)
at org.openqa.selenium.remote.HttpCommandExecutor.execute(HttpCommandExecutor.java:184)
at org.openqa.selenium.remote.service.DriverCommandExecutor.invokeExecute(DriverCommandExecutor.java:167)
at org.openqa.selenium.remote.service.DriverCommandExecutor.execute(DriverCommandExecutor.java:142)
at org.openqa.selenium.remote.RemoteWebDriver.execute(RemoteWebDriver.java:543)
at org.openqa.selenium.remote.ElementLocation$ElementFinder$2.findElement(ElementLocation.java:162)
at org.openqa.selenium.remote.ElementLocation.findElement(ElementLocation.java:60)
at org.openqa.selenium.remote.RemoteWebDriver.findElement(RemoteWebDriver.java:367)
at org.openqa.selenium.remote.RemoteWebDriver.findElement(RemoteWebDriver.java:359)
at org.openqa.selenium.support.events.EventFiringWebDriver.lambda$new$1(EventFiringWebDriver.java:115)
at jdk.proxy2/jdk.proxy2.$Proxy16.findElement(Unknown Source)
at org.openqa.selenium.support.events.EventFiringWebDriver.findElement(EventFiringWebDriver.java:204)
at org.openqa.selenium.support.pagefactory.DefaultElementLocator.findElement(DefaultElementLocator.java:70)
at org.openqa.selenium.support.pagefactory.internal.LocatingElementHandler.invoke(LocatingElementHandler.java:39)
at jdk.proxy2/jdk.proxy2.$Proxy20.click(Unknown Source)
at com.bridgelabz.pages.HomePage.clickOnFindFriendsLink(HomePage.java:33)
at com.bridgelabz.FindFriendsPageTest.setUp(FindFriendsPageTest.java:27)
at java.base/java.util.ArrayList.forEach(ArrayList.java:1511)
... Removed 39 stack frames]]>
    </failure>
  </testcase> <!-- @BeforeMethod setUp -->
  <testcase classname="com.bridgelabz.FindFriendsPageTest" name="@AfterMethod tearDown" time="-1.648012963047E9">
    <skipped/>
  </testcase> <!-- @AfterMethod tearDown -->
  <testcase classname="com.bridgelabz.FindFriendsPageTest" name="@BeforeMethod setUp" time="-1.648012963052E9">
    <skipped/>
  </testcase> <!-- @BeforeMethod setUp -->
  <testcase classname="com.bridgelabz.FindFriendsPageTest" name="@AfterMethod tearDown" time="-1.648012963634E9">
    <skipped/>
  </testcase> <!-- @AfterMethod tearDown -->
  <testcase classname="com.bridgelabz.FindFriendsPageTest" name="@BeforeMethod setUp" time="-1.64801296364E9">
    <skipped/>
  </testcase> <!-- @BeforeMethod setUp -->
  <testcase classname="com.bridgelabz.FindFriendsPageTest" name="@AfterMethod tearDown" time="-1.648012963678E9">
    <skipped/>
  </testcase> <!-- @AfterMethod tearDown -->
  <testcase classname="com.bridgelabz.FindFriendsPageTest" name="@BeforeMethod setUp" time="-1.648012963687E9">
    <skipped/>
  </testcase> <!-- @BeforeMethod setUp -->
  <testcase classname="com.bridgelabz.FindFriendsPageTest" name="@AfterMethod tearDown" time="-1.648012963805E9">
    <skipped/>
  </testcase> <!-- @AfterMethod tearDown -->
  <testcase classname="com.bridgelabz.FindFriendsPageTest" name="@BeforeMethod setUp" time="-1.648012963812E9">
    <skipped/>
  </testcase> <!-- @BeforeMethod setUp -->
  <testcase classname="com.bridgelabz.FindFriendsPageTest" name="@AfterMethod tearDown" time="-1.648012963832E9">
    <skipped/>
  </testcase> <!-- @AfterMethod tearDown -->
  <testcase classname="com.bridgelabz.ProfilePageTest" name="@BeforeMethod setUp" time="55.073">
    <failure type="org.openqa.selenium.NoSuchElementException" message="no such element: Unable to locate element: {&amp;quot;method&amp;quot;:&amp;quot;xpath&amp;quot;,&amp;quot;selector&amp;quot;:&amp;quot;//span[contains(text(),&amp;apos;Kalyan Tanniru&amp;apos;)]&amp;quot;}
  (Session info: chrome=99.0.4844.82)
For documentation on this error, please visit: https://selenium.dev/exceptions/#no_such_element
Build info: version: &amp;apos;4.1.1&amp;apos;, revision: &amp;apos;e8fcc2cecf&amp;apos;
System info: host: &amp;apos;DESKTOP-EQ1TCP1&amp;apos;, ip: &amp;apos;192.168.43.196&amp;apos;, os.name: &amp;apos;Windows 10&amp;apos;, os.arch: &amp;apos;amd64&amp;apos;, os.version: &amp;apos;10.0&amp;apos;, java.version: &amp;apos;16.0.1&amp;apos;
Driver info: org.openqa.selenium.chrome.ChromeDriver
Command: [efa07872e1b63991f9fff82630833283, findElement {using=xpath, value=//span[contains(text(),&amp;apos;Kalyan Tanniru&amp;apos;)]}]
Capabilities {acceptInsecureCerts: false, browserName: chrome, browserVersion: 99.0.4844.82, chrome: {chromedriverVersion: 99.0.4844.51 (d537ec02474b5..., userDataDir: C:\Users\ADMIN\AppData\Loca...}, goog:chromeOptions: {debuggerAddress: localhost:57829}, javascriptEnabled: true, networkConnectionEnabled: false, pageLoadStrategy: normal, platform: WINDOWS, platformName: WINDOWS, proxy: Proxy(), se:cdp: ws://localhost:57829/devtoo..., se:cdpVersion: 99.0.4844.82, setWindowRect: true, strictFileInteractability: false, timeouts: {implicit: 0, pageLoad: 300000, script: 30000}, unhandledPromptBehavior: dismiss and notify, webauthn:extension:credBlob: true, webauthn:extension:largeBlob: true, webauthn:virtualAuthenticators: true}
Session ID: efa07872e1b63991f9fff82630833283">
      <![CDATA[org.openqa.selenium.NoSuchElementException: no such element: Unable to locate element: {"method":"xpath","selector":"//span[contains(text(),'Kalyan Tanniru')]"}
  (Session info: chrome=99.0.4844.82)
For documentation on this error, please visit: https://selenium.dev/exceptions/#no_such_element
Build info: version: '4.1.1', revision: 'e8fcc2cecf'
System info: host: 'DESKTOP-EQ1TCP1', ip: '192.168.43.196', os.name: 'Windows 10', os.arch: 'amd64', os.version: '10.0', java.version: '16.0.1'
Driver info: org.openqa.selenium.chrome.ChromeDriver
Command: [efa07872e1b63991f9fff82630833283, findElement {using=xpath, value=//span[contains(text(),'Kalyan Tanniru')]}]
Capabilities {acceptInsecureCerts: false, browserName: chrome, browserVersion: 99.0.4844.82, chrome: {chromedriverVersion: 99.0.4844.51 (d537ec02474b5..., userDataDir: C:\Users\ADMIN\AppData\Loca...}, goog:chromeOptions: {debuggerAddress: localhost:57829}, javascriptEnabled: true, networkConnectionEnabled: false, pageLoadStrategy: normal, platform: WINDOWS, platformName: WINDOWS, proxy: Proxy(), se:cdp: ws://localhost:57829/devtoo..., se:cdpVersion: 99.0.4844.82, setWindowRect: true, strictFileInteractability: false, timeouts: {implicit: 0, pageLoad: 300000, script: 30000}, unhandledPromptBehavior: dismiss and notify, webauthn:extension:credBlob: true, webauthn:extension:largeBlob: true, webauthn:virtualAuthenticators: true}
Session ID: efa07872e1b63991f9fff82630833283
at org.openqa.selenium.remote.codec.w3c.W3CHttpResponseCodec.createException(W3CHttpResponseCodec.java:200)
at org.openqa.selenium.remote.codec.w3c.W3CHttpResponseCodec.decode(W3CHttpResponseCodec.java:133)
at org.openqa.selenium.remote.codec.w3c.W3CHttpResponseCodec.decode(W3CHttpResponseCodec.java:53)
at org.openqa.selenium.remote.HttpCommandExecutor.execute(HttpCommandExecutor.java:184)
at org.openqa.selenium.remote.service.DriverCommandExecutor.invokeExecute(DriverCommandExecutor.java:167)
at org.openqa.selenium.remote.service.DriverCommandExecutor.execute(DriverCommandExecutor.java:142)
at org.openqa.selenium.remote.RemoteWebDriver.execute(RemoteWebDriver.java:543)
at org.openqa.selenium.remote.ElementLocation$ElementFinder$2.findElement(ElementLocation.java:162)
at org.openqa.selenium.remote.ElementLocation.findElement(ElementLocation.java:60)
at org.openqa.selenium.remote.RemoteWebDriver.findElement(RemoteWebDriver.java:367)
at org.openqa.selenium.remote.RemoteWebDriver.findElement(RemoteWebDriver.java:359)
at org.openqa.selenium.support.events.EventFiringWebDriver.lambda$new$1(EventFiringWebDriver.java:115)
at jdk.proxy2/jdk.proxy2.$Proxy16.findElement(Unknown Source)
at org.openqa.selenium.support.events.EventFiringWebDriver.findElement(EventFiringWebDriver.java:204)
at org.openqa.selenium.support.pagefactory.DefaultElementLocator.findElement(DefaultElementLocator.java:70)
at org.openqa.selenium.support.pagefactory.internal.LocatingElementHandler.invoke(LocatingElementHandler.java:39)
at jdk.proxy2/jdk.proxy2.$Proxy20.click(Unknown Source)
at com.bridgelabz.pages.HomePage.clickOnProfile(HomePage.java:28)
at com.bridgelabz.ProfilePageTest.setUp(ProfilePageTest.java:37)
at java.base/java.util.ArrayList.forEach(ArrayList.java:1511)
... Removed 39 stack frames]]>
    </failure>
  </testcase> <!-- @BeforeMethod setUp -->
  <testcase classname="com.bridgelabz.ProfilePageTest" name="@AfterMethod tearDown" time="-1.64801301895E9">
    <skipped/>
  </testcase> <!-- @AfterMethod tearDown -->
  <testcase classname="com.bridgelabz.ProfilePageTest" name="@BeforeMethod setUp" time="-1.64801301911E9">
    <skipped/>
  </testcase> <!-- @BeforeMethod setUp -->
  <testcase classname="com.bridgelabz.ProfilePageTest" name="@AfterMethod tearDown" time="-1.648013019157E9">
    <skipped/>
  </testcase> <!-- @AfterMethod tearDown -->
  <testcase classname="com.bridgelabz.ProfilePageTest" name="@BeforeMethod setUp" time="-1.648013019164E9">
    <skipped/>
  </testcase> <!-- @BeforeMethod setUp -->
  <testcase classname="com.bridgelabz.ProfilePageTest" name="@AfterMethod tearDown" time="-1.648013019475E9">
    <skipped/>
  </testcase> <!-- @AfterMethod tearDown -->
  <testcase classname="com.bridgelabz.ProfilePageTest" name="@BeforeMethod setUp" time="-1.648013019483E9">
    <skipped/>
  </testcase> <!-- @BeforeMethod setUp -->
  <testcase classname="com.bridgelabz.ProfilePageTest" name="@AfterMethod tearDown" time="-1.648013019538E9">
    <skipped/>
  </testcase> <!-- @AfterMethod tearDown -->
  <testcase classname="com.bridgelabz.ProfilePageTest" name="@BeforeMethod setUp" time="-1.64801301959E9">
    <skipped/>
  </testcase> <!-- @BeforeMethod setUp -->
  <testcase classname="com.bridgelabz.ProfilePageTest" name="@AfterMethod tearDown" time="-1.648013019611E9">
    <skipped/>
  </testcase> <!-- @AfterMethod tearDown -->
  <testcase classname="com.bridgelabz.ProfilePageTest" name="@BeforeMethod setUp" time="-1.64801301971E9">
    <skipped/>
  </testcase> <!-- @BeforeMethod setUp -->
  <testcase classname="com.bridgelabz.ProfilePageTest" name="@AfterMethod tearDown" time="-1.648013019946E9">
    <skipped/>
  </testcase> <!-- @AfterMethod tearDown -->
  <testcase classname="com.bridgelabz.AboutPageTest" name="@BeforeMethod setUp" time="83.112">
    <failure type="org.openqa.selenium.NoSuchElementException" message="no such element: Unable to locate element: {&amp;quot;method&amp;quot;:&amp;quot;xpath&amp;quot;,&amp;quot;selector&amp;quot;:&amp;quot;//span[contains(text(),&amp;apos;Kalyan Tanniru&amp;apos;)]&amp;quot;}
  (Session info: chrome=99.0.4844.82)
For documentation on this error, please visit: https://selenium.dev/exceptions/#no_such_element
Build info: version: &amp;apos;4.1.1&amp;apos;, revision: &amp;apos;e8fcc2cecf&amp;apos;
System info: host: &amp;apos;DESKTOP-EQ1TCP1&amp;apos;, ip: &amp;apos;192.168.43.196&amp;apos;, os.name: &amp;apos;Windows 10&amp;apos;, os.arch: &amp;apos;amd64&amp;apos;, os.version: &amp;apos;10.0&amp;apos;, java.version: &amp;apos;16.0.1&amp;apos;
Driver info: org.openqa.selenium.chrome.ChromeDriver
Command: [fb4c82d3867fc568741c7e555d25542d, findElement {using=xpath, value=//span[contains(text(),&amp;apos;Kalyan Tanniru&amp;apos;)]}]
Capabilities {acceptInsecureCerts: false, browserName: chrome, browserVersion: 99.0.4844.82, chrome: {chromedriverVersion: 99.0.4844.51 (d537ec02474b5..., userDataDir: C:\Users\ADMIN\AppData\Loca...}, goog:chromeOptions: {debuggerAddress: localhost:57903}, javascriptEnabled: true, networkConnectionEnabled: false, pageLoadStrategy: normal, platform: WINDOWS, platformName: WINDOWS, proxy: Proxy(), se:cdp: ws://localhost:57903/devtoo..., se:cdpVersion: 99.0.4844.82, setWindowRect: true, strictFileInteractability: false, timeouts: {implicit: 0, pageLoad: 300000, script: 30000}, unhandledPromptBehavior: dismiss and notify, webauthn:extension:credBlob: true, webauthn:extension:largeBlob: true, webauthn:virtualAuthenticators: true}
Session ID: fb4c82d3867fc568741c7e555d25542d">
      <![CDATA[org.openqa.selenium.NoSuchElementException: no such element: Unable to locate element: {"method":"xpath","selector":"//span[contains(text(),'Kalyan Tanniru')]"}
  (Session info: chrome=99.0.4844.82)
For documentation on this error, please visit: https://selenium.dev/exceptions/#no_such_element
Build info: version: '4.1.1', revision: 'e8fcc2cecf'
System info: host: 'DESKTOP-EQ1TCP1', ip: '192.168.43.196', os.name: 'Windows 10', os.arch: 'amd64', os.version: '10.0', java.version: '16.0.1'
Driver info: org.openqa.selenium.chrome.ChromeDriver
Command: [fb4c82d3867fc568741c7e555d25542d, findElement {using=xpath, value=//span[contains(text(),'Kalyan Tanniru')]}]
Capabilities {acceptInsecureCerts: false, browserName: chrome, browserVersion: 99.0.4844.82, chrome: {chromedriverVersion: 99.0.4844.51 (d537ec02474b5..., userDataDir: C:\Users\ADMIN\AppData\Loca...}, goog:chromeOptions: {debuggerAddress: localhost:57903}, javascriptEnabled: true, networkConnectionEnabled: false, pageLoadStrategy: normal, platform: WINDOWS, platformName: WINDOWS, proxy: Proxy(), se:cdp: ws://localhost:57903/devtoo..., se:cdpVersion: 99.0.4844.82, setWindowRect: true, strictFileInteractability: false, timeouts: {implicit: 0, pageLoad: 300000, script: 30000}, unhandledPromptBehavior: dismiss and notify, webauthn:extension:credBlob: true, webauthn:extension:largeBlob: true, webauthn:virtualAuthenticators: true}
Session ID: fb4c82d3867fc568741c7e555d25542d
at org.openqa.selenium.remote.codec.w3c.W3CHttpResponseCodec.createException(W3CHttpResponseCodec.java:200)
at org.openqa.selenium.remote.codec.w3c.W3CHttpResponseCodec.decode(W3CHttpResponseCodec.java:133)
at org.openqa.selenium.remote.codec.w3c.W3CHttpResponseCodec.decode(W3CHttpResponseCodec.java:53)
at org.openqa.selenium.remote.HttpCommandExecutor.execute(HttpCommandExecutor.java:184)
at org.openqa.selenium.remote.service.DriverCommandExecutor.invokeExecute(DriverCommandExecutor.java:167)
at org.openqa.selenium.remote.service.DriverCommandExecutor.execute(DriverCommandExecutor.java:142)
at org.openqa.selenium.remote.RemoteWebDriver.execute(RemoteWebDriver.java:543)
at org.openqa.selenium.remote.ElementLocation$ElementFinder$2.findElement(ElementLocation.java:162)
at org.openqa.selenium.remote.ElementLocation.findElement(ElementLocation.java:60)
at org.openqa.selenium.remote.RemoteWebDriver.findElement(RemoteWebDriver.java:367)
at org.openqa.selenium.remote.RemoteWebDriver.findElement(RemoteWebDriver.java:359)
at org.openqa.selenium.support.events.EventFiringWebDriver.lambda$new$1(EventFiringWebDriver.java:115)
at jdk.proxy2/jdk.proxy2.$Proxy16.findElement(Unknown Source)
at org.openqa.selenium.support.events.EventFiringWebDriver.findElement(EventFiringWebDriver.java:204)
at org.openqa.selenium.support.pagefactory.DefaultElementLocator.findElement(DefaultElementLocator.java:70)
at org.openqa.selenium.support.pagefactory.internal.LocatingElementHandler.invoke(LocatingElementHandler.java:39)
at jdk.proxy2/jdk.proxy2.$Proxy20.click(Unknown Source)
at com.bridgelabz.pages.HomePage.clickOnProfile(HomePage.java:28)
at com.bridgelabz.AboutPageTest.setUp(AboutPageTest.java:29)
at java.base/java.util.ArrayList.forEach(ArrayList.java:1511)
... Removed 39 stack frames]]>
    </failure>
  </testcase> <!-- @BeforeMethod setUp -->
  <testcase classname="com.bridgelabz.AboutPageTest" name="@AfterMethod tearDown" time="-1.648013103148E9">
    <skipped/>
  </testcase> <!-- @AfterMethod tearDown -->
  <testcase classname="com.bridgelabz.AboutPageTest" name="@BeforeMethod setUp" time="-1.648013103157E9">
    <skipped/>
  </testcase> <!-- @BeforeMethod setUp -->
  <testcase classname="com.bridgelabz.AboutPageTest" name="@AfterMethod tearDown" time="-1.648013103196E9">
    <skipped/>
  </testcase> <!-- @AfterMethod tearDown -->
  <testcase classname="com.bridgelabz.AboutPageTest" name="@BeforeMethod setUp" time="-1.648013103209E9">
    <skipped/>
  </testcase> <!-- @BeforeMethod setUp -->
  <testcase classname="com.bridgelabz.AboutPageTest" name="@AfterMethod tearDown" time="-1.648013103356E9">
    <skipped/>
  </testcase> <!-- @AfterMethod tearDown -->
  <testcase classname="com.bridgelabz.AboutPageTest" name="@BeforeMethod setUp" time="-1.648013103358E9">
    <skipped/>
  </testcase> <!-- @BeforeMethod setUp -->
  <testcase classname="com.bridgelabz.AboutPageTest" name="@AfterMethod tearDown" time="-1.648013103366E9">
    <skipped/>
  </testcase> <!-- @AfterMethod tearDown -->
  <testcase classname="com.bridgelabz.AboutPageTest" name="@BeforeMethod setUp" time="-1.64801310337E9">
    <skipped/>
  </testcase> <!-- @BeforeMethod setUp -->
  <testcase classname="com.bridgelabz.AboutPageTest" name="@AfterMethod tearDown" time="-1.648013103378E9">
    <skipped/>
  </testcase> <!-- @AfterMethod tearDown -->
  <testcase classname="com.bridgelabz.AboutPageTest" name="@BeforeMethod setUp" time="-1.648013103381E9">
    <skipped/>
  </testcase> <!-- @BeforeMethod setUp -->
  <testcase classname="com.bridgelabz.AboutPageTest" name="@AfterMethod tearDown" time="-1.648013103388E9">
    <skipped/>
  </testcase> <!-- @AfterMethod tearDown -->
  <testcase classname="com.bridgelabz.AboutPageTest" name="@BeforeMethod setUp" time="-1.648013103598E9">
    <skipped/>
  </testcase> <!-- @BeforeMethod setUp -->
  <testcase classname="com.bridgelabz.AboutPageTest" name="@AfterMethod tearDown" time="-1.648013103618E9">
    <skipped/>
  </testcase> <!-- @AfterMethod tearDown -->
  <testcase classname="com.bridgelabz.AboutPageTest" name="@BeforeMethod setUp" time="-1.64801310362E9">
    <skipped/>
  </testcase> <!-- @BeforeMethod setUp -->
  <testcase classname="com.bridgelabz.AboutPageTest" name="@AfterMethod tearDown" time="-1.648013103626E9">
    <skipped/>
  </testcase> <!-- @AfterMethod tearDown -->
  <testcase classname="com.bridgelabz.LoginPageTest" name="loginPageTitleTest" time="0.886"/>
  <testcase classname="com.bridgelabz.LoginPageTest" name="loginTest" time="2.677"/>
  <testcase classname="com.bridgelabz.LoginPageTest" name="loginTest" time="2.873"/>
  <testcase classname="com.bridgelabz.LoginPageTest" name="loginTest" time="3.55"/>
  <testcase classname="com.bridgelabz.HomePageTest" name="verifyHomePageTitleTest" time="10.309"/>
  <testcase classname="com.bridgelabz.HomePageTest" name="verifyClickOnProfileTest" time="23.274"/>
  <testcase classname="com.bridgelabz.HomePageTest" name="verifyFindFriendsPageTest" time="18.075">
    <failure type="org.openqa.selenium.NoSuchElementException" message="no such element: Unable to locate element: {&amp;quot;method&amp;quot;:&amp;quot;xpath&amp;quot;,&amp;quot;selector&amp;quot;:&amp;quot;//span[contains(text(),&amp;apos;Find Friends&amp;apos;)]&amp;quot;}
  (Session info: chrome=99.0.4844.82)
For documentation on this error, please visit: https://selenium.dev/exceptions/#no_such_element
Build info: version: &amp;apos;4.1.1&amp;apos;, revision: &amp;apos;e8fcc2cecf&amp;apos;
System info: host: &amp;apos;DESKTOP-EQ1TCP1&amp;apos;, ip: &amp;apos;192.168.43.196&amp;apos;, os.name: &amp;apos;Windows 10&amp;apos;, os.arch: &amp;apos;amd64&amp;apos;, os.version: &amp;apos;10.0&amp;apos;, java.version: &amp;apos;16.0.1&amp;apos;
Driver info: org.openqa.selenium.chrome.ChromeDriver
Command: [261ea42de7e17c89b961eade07608ce3, findElement {using=xpath, value=//span[contains(text(),&amp;apos;Find Friends&amp;apos;)]}]
Capabilities {acceptInsecureCerts: false, browserName: chrome, browserVersion: 99.0.4844.82, chrome: {chromedriverVersion: 99.0.4844.51 (d537ec02474b5..., userDataDir: C:\Users\ADMIN\AppData\Loca...}, goog:chromeOptions: {debuggerAddress: localhost:57672}, javascriptEnabled: true, networkConnectionEnabled: false, pageLoadStrategy: normal, platform: WINDOWS, platformName: WINDOWS, proxy: Proxy(), se:cdp: ws://localhost:57672/devtoo..., se:cdpVersion: 99.0.4844.82, setWindowRect: true, strictFileInteractability: false, timeouts: {implicit: 0, pageLoad: 300000, script: 30000}, unhandledPromptBehavior: dismiss and notify, webauthn:extension:credBlob: true, webauthn:extension:largeBlob: true, webauthn:virtualAuthenticators: true}
Session ID: 261ea42de7e17c89b961eade07608ce3">
      <![CDATA[org.openqa.selenium.NoSuchElementException: no such element: Unable to locate element: {"method":"xpath","selector":"//span[contains(text(),'Find Friends')]"}
  (Session info: chrome=99.0.4844.82)
For documentation on this error, please visit: https://selenium.dev/exceptions/#no_such_element
Build info: version: '4.1.1', revision: 'e8fcc2cecf'
System info: host: 'DESKTOP-EQ1TCP1', ip: '192.168.43.196', os.name: 'Windows 10', os.arch: 'amd64', os.version: '10.0', java.version: '16.0.1'
Driver info: org.openqa.selenium.chrome.ChromeDriver
Command: [261ea42de7e17c89b961eade07608ce3, findElement {using=xpath, value=//span[contains(text(),'Find Friends')]}]
Capabilities {acceptInsecureCerts: false, browserName: chrome, browserVersion: 99.0.4844.82, chrome: {chromedriverVersion: 99.0.4844.51 (d537ec02474b5..., userDataDir: C:\Users\ADMIN\AppData\Loca...}, goog:chromeOptions: {debuggerAddress: localhost:57672}, javascriptEnabled: true, networkConnectionEnabled: false, pageLoadStrategy: normal, platform: WINDOWS, platformName: WINDOWS, proxy: Proxy(), se:cdp: ws://localhost:57672/devtoo..., se:cdpVersion: 99.0.4844.82, setWindowRect: true, strictFileInteractability: false, timeouts: {implicit: 0, pageLoad: 300000, script: 30000}, unhandledPromptBehavior: dismiss and notify, webauthn:extension:credBlob: true, webauthn:extension:largeBlob: true, webauthn:virtualAuthenticators: true}
Session ID: 261ea42de7e17c89b961eade07608ce3
at org.openqa.selenium.remote.codec.w3c.W3CHttpResponseCodec.createException(W3CHttpResponseCodec.java:200)
at org.openqa.selenium.remote.codec.w3c.W3CHttpResponseCodec.decode(W3CHttpResponseCodec.java:133)
at org.openqa.selenium.remote.codec.w3c.W3CHttpResponseCodec.decode(W3CHttpResponseCodec.java:53)
at org.openqa.selenium.remote.HttpCommandExecutor.execute(HttpCommandExecutor.java:184)
at org.openqa.selenium.remote.service.DriverCommandExecutor.invokeExecute(DriverCommandExecutor.java:167)
at org.openqa.selenium.remote.service.DriverCommandExecutor.execute(DriverCommandExecutor.java:142)
at org.openqa.selenium.remote.RemoteWebDriver.execute(RemoteWebDriver.java:543)
at org.openqa.selenium.remote.ElementLocation$ElementFinder$2.findElement(ElementLocation.java:162)
at org.openqa.selenium.remote.ElementLocation.findElement(ElementLocation.java:60)
at org.openqa.selenium.remote.RemoteWebDriver.findElement(RemoteWebDriver.java:367)
at org.openqa.selenium.remote.RemoteWebDriver.findElement(RemoteWebDriver.java:359)
at org.openqa.selenium.support.events.EventFiringWebDriver.lambda$new$1(EventFiringWebDriver.java:115)
at jdk.proxy2/jdk.proxy2.$Proxy16.findElement(Unknown Source)
at org.openqa.selenium.support.events.EventFiringWebDriver.findElement(EventFiringWebDriver.java:204)
at org.openqa.selenium.support.pagefactory.DefaultElementLocator.findElement(DefaultElementLocator.java:70)
at org.openqa.selenium.support.pagefactory.internal.LocatingElementHandler.invoke(LocatingElementHandler.java:39)
at jdk.proxy2/jdk.proxy2.$Proxy20.click(Unknown Source)
at com.bridgelabz.pages.HomePage.clickOnFindFriendsLink(HomePage.java:33)
at com.bridgelabz.HomePageTest.verifyFindFriendsPageTest(HomePageTest.java:47)
at java.base/java.util.ArrayList.forEach(ArrayList.java:1511)
... Removed 35 stack frames]]>
    </failure>
  </testcase> <!-- verifyFindFriendsPageTest -->
  <testcase classname="com.bridgelabz.HomePageTest" name="verifySavedPageTest" time="22.508"/>
  <testcase classname="com.bridgelabz.FindFriendsPageTest" name="verifyFriendsPageTitleTest" time="0.0">
    <skipped/>
  </testcase> <!-- verifyFriendsPageTitleTest -->
  <testcase classname="com.bridgelabz.FindFriendsPageTest" name="ClickOnFriendRequestLinkTest" time="0.0">
    <skipped/>
  </testcase> <!-- ClickOnFriendRequestLinkTest -->
  <testcase classname="com.bridgelabz.FindFriendsPageTest" name="ClickOnSuggestionsLinkTest" time="0.0">
    <skipped/>
  </testcase> <!-- ClickOnSuggestionsLinkTest -->
  <testcase classname="com.bridgelabz.FindFriendsPageTest" name="ClickOnBirthdayLinkTest" time="0.0">
    <skipped/>
  </testcase> <!-- ClickOnBirthdayLinkTest -->
  <testcase classname="com.bridgelabz.FindFriendsPageTest" name="ClickOnCustomListsLinkTest" time="0.0">
    <skipped/>
  </testcase> <!-- ClickOnCustomListsLinkTest -->
  <testcase classname="com.bridgelabz.ProfilePageTest" name="verifyProfilePageTitleTest" time="0.0">
    <skipped/>
  </testcase> <!-- verifyProfilePageTitleTest -->
  <testcase classname="com.bridgelabz.ProfilePageTest" name="ClickOnPostsLinkTest" time="0.0">
    <skipped/>
  </testcase> <!-- ClickOnPostsLinkTest -->
  <testcase classname="com.bridgelabz.ProfilePageTest" name="ClickOnAboutLinkTest" time="0.0">
    <skipped/>
  </testcase> <!-- ClickOnAboutLinkTest -->
  <testcase classname="com.bridgelabz.ProfilePageTest" name="ClickOnFriendsLinkTest" time="0.0">
    <skipped/>
  </testcase> <!-- ClickOnFriendsLinkTest -->
  <testcase classname="com.bridgelabz.ProfilePageTest" name="ClickOnPhotosdLinkTest" time="0.0">
    <skipped/>
  </testcase> <!-- ClickOnPhotosdLinkTest -->
  <testcase classname="com.bridgelabz.ProfilePageTest" name="ClickOnVideosLinkTest" time="0.0">
    <skipped/>
  </testcase> <!-- ClickOnVideosLinkTest -->
  <testcase classname="com.bridgelabz.AboutPageTest" name="ClickOnAboutLinkTest" time="0.0">
    <skipped/>
  </testcase> <!-- ClickOnAboutLinkTest -->
  <testcase classname="com.bridgelabz.AboutPageTest" name="ClickOnOverviewLinkTest" time="0.0">
    <skipped/>
  </testcase> <!-- ClickOnOverviewLinkTest -->
  <testcase classname="com.bridgelabz.AboutPageTest" name="ClickOnWorkAndEducationLinkTest" time="0.001">
    <skipped/>
  </testcase> <!-- ClickOnWorkAndEducationLinkTest -->
  <testcase classname="com.bridgelabz.AboutPageTest" name="ClickOnPlacesLivedLinkTest" time="0.0">
    <skipped/>
  </testcase> <!-- ClickOnPlacesLivedLinkTest -->
  <testcase classname="com.bridgelabz.AboutPageTest" name="ClickOnContactAndBasicInformationLinkTest" time="0.0">
    <skipped/>
  </testcase> <!-- ClickOnContactAndBasicInformationLinkTest -->
  <testcase classname="com.bridgelabz.AboutPageTest" name="ClickOnFamilyAndRelationshipsLinkTest" time="0.0">
    <skipped/>
  </testcase> <!-- ClickOnFamilyAndRelationshipsLinkTest -->
  <testcase classname="com.bridgelabz.AboutPageTest" name="ClickOnDetailsAboutYouLinkTest" time="0.0">
    <skipped/>
  </testcase> <!-- ClickOnDetailsAboutYouLinkTest -->
  <testcase classname="com.bridgelabz.AboutPageTest" name="ClickOnLifeEventsLinkTest" time="0.0">
    <skipped/>
  </testcase> <!-- ClickOnLifeEventsLinkTest -->
</testsuite> <!-- FaceBookPageObjectModel -->
